2017-08-10 13:58:09,560 [Worker-6] INFO  o.e.m.c.i.l.LifecycleMappingFactory - Using org.maven.ide.eclipse.wtp.WarLifecycleMapping lifecycle mapping for MavenProject: com.digitalhealthcare:DigitalHealthcare:0.0.1-SNAPSHOT @ E:\GitHub\ArcturusAdminApi1.1\DigitalHealthcare\pom.xml.
2017-08-10 13:58:12,865 [Worker-6] WARN  o.e.m.c.i.embedder.EclipseLogger - Using platform encoding (Cp1252 actually) to copy filtered resources, i.e. build is platform dependent!
2017-08-10 13:58:12,871 [Worker-6] INFO  o.e.m.c.i.embedder.EclipseLogger - Copying 1 resource
2017-08-10 13:58:12,887 [Worker-6] WARN  o.e.m.c.i.embedder.EclipseLogger - Using platform encoding (Cp1252 actually) to copy filtered resources, i.e. build is platform dependent!
2017-08-10 13:58:12,888 [Worker-6] INFO  o.e.m.c.i.embedder.EclipseLogger - skip non existing resourceDirectory E:\GitHub\ArcturusAdminApi1.1\DigitalHealthcare\src\test\resources
2017-08-10 13:58:15,377 [Worker-1] WARN  o.e.m.c.i.embedder.EclipseLogger - Using platform encoding (Cp1252 actually) to copy filtered resources, i.e. build is platform dependent!
2017-08-10 13:58:15,384 [Worker-1] INFO  o.e.m.c.i.embedder.EclipseLogger - Copying 1 resource
2017-08-10 13:58:15,387 [Worker-1] WARN  o.e.m.c.i.embedder.EclipseLogger - Using platform encoding (Cp1252 actually) to copy filtered resources, i.e. build is platform dependent!
2017-08-10 13:58:15,388 [Worker-1] INFO  o.e.m.c.i.embedder.EclipseLogger - skip non existing resourceDirectory E:\GitHub\ArcturusAdminApi1.1\DigitalHealthcare\src\test\resources
2017-08-11 19:35:45,360 [Worker-5] WARN  o.e.m.c.i.embedder.EclipseLogger - Using platform encoding (Cp1252 actually) to copy filtered resources, i.e. build is platform dependent!
2017-08-11 19:35:45,392 [Worker-5] INFO  o.e.m.c.i.embedder.EclipseLogger - Copying 1 resource
2017-08-11 19:35:45,400 [Worker-5] WARN  o.e.m.c.i.embedder.EclipseLogger - Using platform encoding (Cp1252 actually) to copy filtered resources, i.e. build is platform dependent!
2017-08-11 19:35:45,401 [Worker-5] INFO  o.e.m.c.i.embedder.EclipseLogger - skip non existing resourceDirectory E:\GitHub\ArcturusAdminApi1.1\DigitalHealthcare\src\test\resources
2017-08-11 19:35:49,284 [Worker-5] WARN  o.e.m.c.i.embedder.EclipseLogger - Using platform encoding (Cp1252 actually) to copy filtered resources, i.e. build is platform dependent!
2017-08-11 19:35:49,288 [Worker-5] INFO  o.e.m.c.i.embedder.EclipseLogger - Copying 1 resource
2017-08-11 19:35:49,290 [Worker-5] WARN  o.e.m.c.i.embedder.EclipseLogger - Using platform encoding (Cp1252 actually) to copy filtered resources, i.e. build is platform dependent!
2017-08-11 19:35:49,291 [Worker-5] INFO  o.e.m.c.i.embedder.EclipseLogger - skip non existing resourceDirectory E:\GitHub\ArcturusAdminApi1.1\DigitalHealthcare\src\test\resources
2017-08-25 19:44:48,348 [Worker-5] WARN  o.e.m.c.i.embedder.EclipseLogger - Using platform encoding (Cp1252 actually) to copy filtered resources, i.e. build is platform dependent!
2017-08-25 19:44:48,398 [Worker-5] INFO  o.e.m.c.i.embedder.EclipseLogger - Copying 1 resource
2017-08-25 19:44:48,405 [Worker-5] WARN  o.e.m.c.i.embedder.EclipseLogger - Using platform encoding (Cp1252 actually) to copy filtered resources, i.e. build is platform dependent!
2017-08-25 19:44:48,406 [Worker-5] INFO  o.e.m.c.i.embedder.EclipseLogger - skip non existing resourceDirectory E:\GitHub\ArcturusAdminApi1.1\DigitalHealthcare\src\test\resources
2017-08-25 19:44:51,703 [Worker-1] WARN  o.e.m.c.i.embedder.EclipseLogger - Using platform encoding (Cp1252 actually) to copy filtered resources, i.e. build is platform dependent!
2017-08-25 19:44:51,709 [Worker-1] INFO  o.e.m.c.i.embedder.EclipseLogger - Copying 1 resource
2017-08-25 19:44:51,711 [Worker-1] WARN  o.e.m.c.i.embedder.EclipseLogger - Using platform encoding (Cp1252 actually) to copy filtered resources, i.e. build is platform dependent!
2017-08-25 19:44:51,711 [Worker-1] INFO  o.e.m.c.i.embedder.EclipseLogger - skip non existing resourceDirectory E:\GitHub\ArcturusAdminApi1.1\DigitalHealthcare\src\test\resources
2017-08-31 16:58:15,557 [Worker-3] WARN  o.e.m.c.i.embedder.EclipseLogger - Using platform encoding (Cp1252 actually) to copy filtered resources, i.e. build is platform dependent!
2017-08-31 16:58:15,565 [Worker-3] INFO  o.e.m.c.i.embedder.EclipseLogger - Copying 1 resource
2017-08-31 16:58:15,572 [Worker-3] WARN  o.e.m.c.i.embedder.EclipseLogger - Using platform encoding (Cp1252 actually) to copy filtered resources, i.e. build is platform dependent!
2017-08-31 16:58:15,572 [Worker-3] INFO  o.e.m.c.i.embedder.EclipseLogger - skip non existing resourceDirectory E:\GitHub\ArcturusAdminApi1.1\DigitalHealthcare\src\test\resources
2017-08-31 16:58:27,130 [Worker-8] WARN  o.e.m.c.i.embedder.EclipseLogger - Using platform encoding (Cp1252 actually) to copy filtered resources, i.e. build is platform dependent!
2017-08-31 16:58:27,137 [Worker-8] INFO  o.e.m.c.i.embedder.EclipseLogger - Copying 1 resource
2017-08-31 16:58:27,138 [Worker-8] WARN  o.e.m.c.i.embedder.EclipseLogger - Using platform encoding (Cp1252 actually) to copy filtered resources, i.e. build is platform dependent!
2017-08-31 16:58:27,139 [Worker-8] INFO  o.e.m.c.i.embedder.EclipseLogger - skip non existing resourceDirectory E:\GitHub\ArcturusAdminApi1.1\DigitalHealthcare\src\test\resources
2017-08-31 16:59:33,027 [Worker-5] WARN  o.e.m.c.i.embedder.EclipseLogger - Using platform encoding (Cp1252 actually) to copy filtered resources, i.e. build is platform dependent!
2017-08-31 16:59:33,029 [Worker-5] INFO  o.e.m.c.i.embedder.EclipseLogger - Copying 1 resource
2017-08-31 16:59:33,030 [Worker-5] WARN  o.e.m.c.i.embedder.EclipseLogger - Using platform encoding (Cp1252 actually) to copy filtered resources, i.e. build is platform dependent!
2017-08-31 16:59:33,031 [Worker-5] INFO  o.e.m.c.i.embedder.EclipseLogger - skip non existing resourceDirectory E:\GitHub\ArcturusAdminApi1.1\DigitalHealthcare\src\test\resources
2017-08-31 16:59:54,596 [Worker-0] WARN  o.e.m.c.i.embedder.EclipseLogger - Using platform encoding (Cp1252 actually) to copy filtered resources, i.e. build is platform dependent!
2017-08-31 16:59:54,597 [Worker-0] INFO  o.e.m.c.i.embedder.EclipseLogger - Copying 1 resource
2017-08-31 16:59:54,599 [Worker-0] WARN  o.e.m.c.i.embedder.EclipseLogger - Using platform encoding (Cp1252 actually) to copy filtered resources, i.e. build is platform dependent!
2017-08-31 16:59:54,600 [Worker-0] INFO  o.e.m.c.i.embedder.EclipseLogger - skip non existing resourceDirectory E:\GitHub\ArcturusAdminApi1.1\DigitalHealthcare\src\test\resources
2017-08-31 17:08:54,773 [Worker-1] WARN  o.e.m.c.i.embedder.EclipseLogger - Using platform encoding (Cp1252 actually) to copy filtered resources, i.e. build is platform dependent!
2017-08-31 17:08:54,775 [Worker-1] INFO  o.e.m.c.i.embedder.EclipseLogger - Copying 1 resource
2017-08-31 17:08:54,777 [Worker-1] WARN  o.e.m.c.i.embedder.EclipseLogger - Using platform encoding (Cp1252 actually) to copy filtered resources, i.e. build is platform dependent!
2017-08-31 17:08:54,777 [Worker-1] INFO  o.e.m.c.i.embedder.EclipseLogger - skip non existing resourceDirectory E:\GitHub\ArcturusAdminApi1.1\DigitalHealthcare\src\test\resources
2017-08-31 17:11:14,362 [Worker-8] WARN  o.e.m.c.i.embedder.EclipseLogger - Using platform encoding (Cp1252 actually) to copy filtered resources, i.e. build is platform dependent!
2017-08-31 17:11:14,363 [Worker-8] INFO  o.e.m.c.i.embedder.EclipseLogger - Copying 1 resource
2017-08-31 17:11:14,365 [Worker-8] WARN  o.e.m.c.i.embedder.EclipseLogger - Using platform encoding (Cp1252 actually) to copy filtered resources, i.e. build is platform dependent!
2017-08-31 17:11:14,366 [Worker-8] INFO  o.e.m.c.i.embedder.EclipseLogger - skip non existing resourceDirectory E:\GitHub\ArcturusAdminApi1.1\DigitalHealthcare\src\test\resources
2017-08-31 17:12:29,941 [Worker-7] WARN  o.e.m.c.i.embedder.EclipseLogger - Using platform encoding (Cp1252 actually) to copy filtered resources, i.e. build is platform dependent!
2017-08-31 17:12:29,943 [Worker-7] INFO  o.e.m.c.i.embedder.EclipseLogger - Copying 1 resource
2017-08-31 17:12:29,945 [Worker-7] WARN  o.e.m.c.i.embedder.EclipseLogger - Using platform encoding (Cp1252 actually) to copy filtered resources, i.e. build is platform dependent!
2017-08-31 17:12:29,946 [Worker-7] INFO  o.e.m.c.i.embedder.EclipseLogger - skip non existing resourceDirectory E:\GitHub\ArcturusAdminApi1.1\DigitalHealthcare\src\test\resources
2017-08-31 17:13:27,338 [Worker-7] WARN  o.e.m.c.i.embedder.EclipseLogger - Using platform encoding (Cp1252 actually) to copy filtered resources, i.e. build is platform dependent!
2017-08-31 17:13:27,339 [Worker-7] INFO  o.e.m.c.i.embedder.EclipseLogger - Copying 1 resource
2017-08-31 17:13:27,341 [Worker-7] WARN  o.e.m.c.i.embedder.EclipseLogger - Using platform encoding (Cp1252 actually) to copy filtered resources, i.e. build is platform dependent!
2017-08-31 17:13:27,342 [Worker-7] INFO  o.e.m.c.i.embedder.EclipseLogger - skip non existing resourceDirectory E:\GitHub\ArcturusAdminApi1.1\DigitalHealthcare\src\test\resources
2017-08-31 17:53:25,260 [Worker-1] WARN  o.e.m.c.i.embedder.EclipseLogger - Using platform encoding (Cp1252 actually) to copy filtered resources, i.e. build is platform dependent!
2017-08-31 17:53:25,262 [Worker-1] INFO  o.e.m.c.i.embedder.EclipseLogger - Copying 1 resource
2017-08-31 17:53:25,264 [Worker-1] WARN  o.e.m.c.i.embedder.EclipseLogger - Using platform encoding (Cp1252 actually) to copy filtered resources, i.e. build is platform dependent!
2017-08-31 17:53:25,264 [Worker-1] INFO  o.e.m.c.i.embedder.EclipseLogger - skip non existing resourceDirectory E:\GitHub\ArcturusAdminApi1.1\DigitalHealthcare\src\test\resources
2017-08-31 17:53:48,239 [Worker-15] WARN  o.e.m.c.i.embedder.EclipseLogger - Using platform encoding (Cp1252 actually) to copy filtered resources, i.e. build is platform dependent!
2017-08-31 17:53:48,240 [Worker-15] INFO  o.e.m.c.i.embedder.EclipseLogger - Copying 1 resource
2017-08-31 17:53:48,242 [Worker-15] WARN  o.e.m.c.i.embedder.EclipseLogger - Using platform encoding (Cp1252 actually) to copy filtered resources, i.e. build is platform dependent!
2017-08-31 17:53:48,242 [Worker-15] INFO  o.e.m.c.i.embedder.EclipseLogger - skip non existing resourceDirectory E:\GitHub\ArcturusAdminApi1.1\DigitalHealthcare\src\test\resources
2017-08-31 17:54:36,932 [Worker-15] WARN  o.e.m.c.i.embedder.EclipseLogger - Using platform encoding (Cp1252 actually) to copy filtered resources, i.e. build is platform dependent!
2017-08-31 17:54:36,933 [Worker-15] INFO  o.e.m.c.i.embedder.EclipseLogger - Copying 1 resource
2017-08-31 17:54:36,935 [Worker-15] WARN  o.e.m.c.i.embedder.EclipseLogger - Using platform encoding (Cp1252 actually) to copy filtered resources, i.e. build is platform dependent!
2017-08-31 17:54:36,935 [Worker-15] INFO  o.e.m.c.i.embedder.EclipseLogger - skip non existing resourceDirectory E:\GitHub\ArcturusAdminApi1.1\DigitalHealthcare\src\test\resources
2017-08-31 17:56:00,262 [Worker-1] WARN  o.e.m.c.i.embedder.EclipseLogger - Using platform encoding (Cp1252 actually) to copy filtered resources, i.e. build is platform dependent!
2017-08-31 17:56:00,263 [Worker-1] INFO  o.e.m.c.i.embedder.EclipseLogger - Copying 1 resource
2017-08-31 17:56:00,264 [Worker-1] WARN  o.e.m.c.i.embedder.EclipseLogger - Using platform encoding (Cp1252 actually) to copy filtered resources, i.e. build is platform dependent!
2017-08-31 17:56:00,265 [Worker-1] INFO  o.e.m.c.i.embedder.EclipseLogger - skip non existing resourceDirectory E:\GitHub\ArcturusAdminApi1.1\DigitalHealthcare\src\test\resources
2017-08-31 20:03:05,850 [Worker-16] WARN  o.e.m.c.i.embedder.EclipseLogger - Using platform encoding (Cp1252 actually) to copy filtered resources, i.e. build is platform dependent!
2017-08-31 20:03:05,851 [Worker-16] INFO  o.e.m.c.i.embedder.EclipseLogger - Copying 1 resource
2017-08-31 20:03:05,853 [Worker-16] WARN  o.e.m.c.i.embedder.EclipseLogger - Using platform encoding (Cp1252 actually) to copy filtered resources, i.e. build is platform dependent!
2017-08-31 20:03:05,854 [Worker-16] INFO  o.e.m.c.i.embedder.EclipseLogger - skip non existing resourceDirectory E:\GitHub\ArcturusAdminApi1.1\DigitalHealthcare\src\test\resources
2017-08-31 20:03:29,042 [Worker-28] WARN  o.e.m.c.i.embedder.EclipseLogger - Using platform encoding (Cp1252 actually) to copy filtered resources, i.e. build is platform dependent!
2017-08-31 20:03:29,043 [Worker-28] INFO  o.e.m.c.i.embedder.EclipseLogger - Copying 1 resource
2017-08-31 20:03:29,045 [Worker-28] WARN  o.e.m.c.i.embedder.EclipseLogger - Using platform encoding (Cp1252 actually) to copy filtered resources, i.e. build is platform dependent!
2017-08-31 20:03:29,046 [Worker-28] INFO  o.e.m.c.i.embedder.EclipseLogger - skip non existing resourceDirectory E:\GitHub\ArcturusAdminApi1.1\DigitalHealthcare\src\test\resources
2017-08-31 20:03:33,805 [Worker-26] WARN  o.e.m.c.i.embedder.EclipseLogger - Using platform encoding (Cp1252 actually) to copy filtered resources, i.e. build is platform dependent!
2017-08-31 20:03:33,806 [Worker-26] INFO  o.e.m.c.i.embedder.EclipseLogger - Copying 1 resource
2017-08-31 20:03:33,808 [Worker-26] WARN  o.e.m.c.i.embedder.EclipseLogger - Using platform encoding (Cp1252 actually) to copy filtered resources, i.e. build is platform dependent!
2017-08-31 20:03:33,809 [Worker-26] INFO  o.e.m.c.i.embedder.EclipseLogger - skip non existing resourceDirectory E:\GitHub\ArcturusAdminApi1.1\DigitalHealthcare\src\test\resources
2017-08-31 20:03:45,783 [Worker-17] WARN  o.e.m.c.i.embedder.EclipseLogger - Using platform encoding (Cp1252 actually) to copy filtered resources, i.e. build is platform dependent!
2017-08-31 20:03:45,784 [Worker-17] INFO  o.e.m.c.i.embedder.EclipseLogger - Copying 1 resource
2017-08-31 20:03:45,786 [Worker-17] WARN  o.e.m.c.i.embedder.EclipseLogger - Using platform encoding (Cp1252 actually) to copy filtered resources, i.e. build is platform dependent!
2017-08-31 20:03:45,788 [Worker-17] INFO  o.e.m.c.i.embedder.EclipseLogger - skip non existing resourceDirectory E:\GitHub\ArcturusAdminApi1.1\DigitalHealthcare\src\test\resources
2017-08-31 20:04:05,231 [Worker-26] WARN  o.e.m.c.i.embedder.EclipseLogger - Using platform encoding (Cp1252 actually) to copy filtered resources, i.e. build is platform dependent!
2017-08-31 20:04:05,232 [Worker-26] INFO  o.e.m.c.i.embedder.EclipseLogger - Copying 1 resource
2017-08-31 20:04:05,233 [Worker-26] WARN  o.e.m.c.i.embedder.EclipseLogger - Using platform encoding (Cp1252 actually) to copy filtered resources, i.e. build is platform dependent!
2017-08-31 20:04:05,233 [Worker-26] INFO  o.e.m.c.i.embedder.EclipseLogger - skip non existing resourceDirectory E:\GitHub\ArcturusAdminApi1.1\DigitalHealthcare\src\test\resources
2017-08-31 20:51:22,687 [Worker-33] WARN  o.e.m.c.i.embedder.EclipseLogger - Using platform encoding (Cp1252 actually) to copy filtered resources, i.e. build is platform dependent!
2017-08-31 20:51:22,690 [Worker-33] INFO  o.e.m.c.i.embedder.EclipseLogger - Copying 1 resource
2017-08-31 20:51:22,695 [Worker-33] WARN  o.e.m.c.i.embedder.EclipseLogger - Using platform encoding (Cp1252 actually) to copy filtered resources, i.e. build is platform dependent!
2017-08-31 20:51:22,696 [Worker-33] INFO  o.e.m.c.i.embedder.EclipseLogger - skip non existing resourceDirectory E:\GitHub\ArcturusAdminApi1.1\DigitalHealthcare\src\test\resources
2017-08-31 20:51:56,185 [Worker-24] WARN  o.e.m.c.i.embedder.EclipseLogger - Using platform encoding (Cp1252 actually) to copy filtered resources, i.e. build is platform dependent!
2017-08-31 20:51:56,188 [Worker-24] INFO  o.e.m.c.i.embedder.EclipseLogger - Copying 0 resource
2017-08-31 20:51:56,191 [Worker-24] WARN  o.e.m.c.i.embedder.EclipseLogger - Using platform encoding (Cp1252 actually) to copy filtered resources, i.e. build is platform dependent!
2017-08-31 20:51:56,192 [Worker-24] INFO  o.e.m.c.i.embedder.EclipseLogger - skip non existing resourceDirectory E:\GitHub\ArcturusAdminApi1.1\DigitalHealthcare\src\test\resources
2017-08-31 20:52:03,284 [Worker-26] WARN  o.e.m.c.i.embedder.EclipseLogger - Using platform encoding (Cp1252 actually) to copy filtered resources, i.e. build is platform dependent!
2017-08-31 20:52:03,285 [Worker-26] INFO  o.e.m.c.i.embedder.EclipseLogger - Copying 1 resource
2017-08-31 20:52:03,289 [Worker-26] WARN  o.e.m.c.i.embedder.EclipseLogger - Using platform encoding (Cp1252 actually) to copy filtered resources, i.e. build is platform dependent!
2017-08-31 20:52:03,290 [Worker-26] INFO  o.e.m.c.i.embedder.EclipseLogger - skip non existing resourceDirectory E:\GitHub\ArcturusAdminApi1.1\DigitalHealthcare\src\test\resources
2017-09-05 21:47:01,401 [Worker-4] WARN  o.e.m.c.i.embedder.EclipseLogger - Using platform encoding (Cp1252 actually) to copy filtered resources, i.e. build is platform dependent!
2017-09-05 21:47:01,485 [Worker-4] INFO  o.e.m.c.i.embedder.EclipseLogger - Copying 1 resource
2017-09-05 21:47:01,502 [Worker-4] WARN  o.e.m.c.i.embedder.EclipseLogger - Using platform encoding (Cp1252 actually) to copy filtered resources, i.e. build is platform dependent!
2017-09-05 21:47:01,505 [Worker-4] INFO  o.e.m.c.i.embedder.EclipseLogger - skip non existing resourceDirectory E:\GitHub\ArcturusAdminApi1.1\DigitalHealthcare\src\test\resources
2017-09-05 21:48:10,581 [Worker-3] WARN  o.e.m.c.i.embedder.EclipseLogger - Using platform encoding (Cp1252 actually) to copy filtered resources, i.e. build is platform dependent!
2017-09-05 21:48:10,588 [Worker-3] INFO  o.e.m.c.i.embedder.EclipseLogger - Copying 1 resource
2017-09-05 21:48:10,590 [Worker-3] WARN  o.e.m.c.i.embedder.EclipseLogger - Using platform encoding (Cp1252 actually) to copy filtered resources, i.e. build is platform dependent!
2017-09-05 21:48:10,591 [Worker-3] INFO  o.e.m.c.i.embedder.EclipseLogger - skip non existing resourceDirectory E:\GitHub\ArcturusAdminApi1.1\DigitalHealthcare\src\test\resources
2017-09-06 18:14:50,874 [Worker-6] WARN  o.e.m.c.i.embedder.EclipseLogger - Using platform encoding (Cp1252 actually) to copy filtered resources, i.e. build is platform dependent!
2017-09-06 18:14:50,887 [Worker-6] INFO  o.e.m.c.i.embedder.EclipseLogger - Copying 1 resource
2017-09-06 18:14:50,894 [Worker-6] WARN  o.e.m.c.i.embedder.EclipseLogger - Using platform encoding (Cp1252 actually) to copy filtered resources, i.e. build is platform dependent!
2017-09-06 18:14:50,894 [Worker-6] INFO  o.e.m.c.i.embedder.EclipseLogger - skip non existing resourceDirectory E:\GitHub\ArcturusAdminApi1.1\DigitalHealthcare\src\test\resources
2017-09-08 14:09:22,450 [Worker-2] WARN  o.e.m.c.i.embedder.EclipseLogger - Using platform encoding (Cp1252 actually) to copy filtered resources, i.e. build is platform dependent!
2017-09-08 14:09:22,474 [Worker-2] INFO  o.e.m.c.i.embedder.EclipseLogger - Copying 1 resource
2017-09-08 14:09:22,480 [Worker-2] WARN  o.e.m.c.i.embedder.EclipseLogger - Using platform encoding (Cp1252 actually) to copy filtered resources, i.e. build is platform dependent!
2017-09-08 14:09:22,481 [Worker-2] INFO  o.e.m.c.i.embedder.EclipseLogger - skip non existing resourceDirectory E:\GitHub\ArcturusAdminApi1.1\DigitalHealthcare\src\test\resources
2017-09-08 14:10:01,690 [Worker-4] WARN  o.e.m.c.i.embedder.EclipseLogger - Using platform encoding (Cp1252 actually) to copy filtered resources, i.e. build is platform dependent!
2017-09-08 14:10:01,696 [Worker-4] INFO  o.e.m.c.i.embedder.EclipseLogger - Copying 1 resource
2017-09-08 14:10:01,697 [Worker-4] WARN  o.e.m.c.i.embedder.EclipseLogger - Using platform encoding (Cp1252 actually) to copy filtered resources, i.e. build is platform dependent!
2017-09-08 14:10:01,698 [Worker-4] INFO  o.e.m.c.i.embedder.EclipseLogger - skip non existing resourceDirectory E:\GitHub\ArcturusAdminApi1.1\DigitalHealthcare\src\test\resources
2017-09-08 14:10:17,229 [Worker-1] WARN  o.e.m.c.i.embedder.EclipseLogger - Using platform encoding (Cp1252 actually) to copy filtered resources, i.e. build is platform dependent!
2017-09-08 14:10:17,230 [Worker-1] INFO  o.e.m.c.i.embedder.EclipseLogger - Copying 1 resource
2017-09-08 14:10:17,232 [Worker-1] WARN  o.e.m.c.i.embedder.EclipseLogger - Using platform encoding (Cp1252 actually) to copy filtered resources, i.e. build is platform dependent!
2017-09-08 14:10:17,233 [Worker-1] INFO  o.e.m.c.i.embedder.EclipseLogger - skip non existing resourceDirectory E:\GitHub\ArcturusAdminApi1.1\DigitalHealthcare\src\test\resources
2017-09-08 16:33:29,619 [Worker-1] WARN  o.e.m.c.i.embedder.EclipseLogger - Using platform encoding (Cp1252 actually) to copy filtered resources, i.e. build is platform dependent!
2017-09-08 16:33:29,620 [Worker-1] INFO  o.e.m.c.i.embedder.EclipseLogger - Copying 1 resource
2017-09-08 16:33:29,622 [Worker-1] WARN  o.e.m.c.i.embedder.EclipseLogger - Using platform encoding (Cp1252 actually) to copy filtered resources, i.e. build is platform dependent!
2017-09-08 16:33:29,622 [Worker-1] INFO  o.e.m.c.i.embedder.EclipseLogger - skip non existing resourceDirectory E:\GitHub\ArcturusAdminApi1.1\DigitalHealthcare\src\test\resources
2017-09-08 16:33:46,624 [Worker-10] WARN  o.e.m.c.i.embedder.EclipseLogger - Using platform encoding (Cp1252 actually) to copy filtered resources, i.e. build is platform dependent!
2017-09-08 16:33:46,625 [Worker-10] INFO  o.e.m.c.i.embedder.EclipseLogger - Copying 1 resource
2017-09-08 16:33:46,626 [Worker-10] WARN  o.e.m.c.i.embedder.EclipseLogger - Using platform encoding (Cp1252 actually) to copy filtered resources, i.e. build is platform dependent!
2017-09-08 16:33:46,627 [Worker-10] INFO  o.e.m.c.i.embedder.EclipseLogger - skip non existing resourceDirectory E:\GitHub\ArcturusAdminApi1.1\DigitalHealthcare\src\test\resources
2017-09-08 16:33:56,274 [Worker-13] WARN  o.e.m.c.i.embedder.EclipseLogger - Using platform encoding (Cp1252 actually) to copy filtered resources, i.e. build is platform dependent!
2017-09-08 16:33:56,275 [Worker-13] INFO  o.e.m.c.i.embedder.EclipseLogger - Copying 1 resource
2017-09-08 16:33:56,277 [Worker-13] WARN  o.e.m.c.i.embedder.EclipseLogger - Using platform encoding (Cp1252 actually) to copy filtered resources, i.e. build is platform dependent!
2017-09-08 16:33:56,278 [Worker-13] INFO  o.e.m.c.i.embedder.EclipseLogger - skip non existing resourceDirectory E:\GitHub\ArcturusAdminApi1.1\DigitalHealthcare\src\test\resources
2017-09-08 16:34:09,248 [Worker-10] WARN  o.e.m.c.i.embedder.EclipseLogger - Using platform encoding (Cp1252 actually) to copy filtered resources, i.e. build is platform dependent!
2017-09-08 16:34:09,250 [Worker-10] INFO  o.e.m.c.i.embedder.EclipseLogger - Copying 1 resource
2017-09-08 16:34:09,253 [Worker-10] WARN  o.e.m.c.i.embedder.EclipseLogger - Using platform encoding (Cp1252 actually) to copy filtered resources, i.e. build is platform dependent!
2017-09-08 16:34:09,253 [Worker-10] INFO  o.e.m.c.i.embedder.EclipseLogger - skip non existing resourceDirectory E:\GitHub\ArcturusAdminApi1.1\DigitalHealthcare\src\test\resources
2017-09-08 16:42:08,900 [Worker-12] WARN  o.e.m.c.i.embedder.EclipseLogger - Using platform encoding (Cp1252 actually) to copy filtered resources, i.e. build is platform dependent!
2017-09-08 16:42:08,901 [Worker-12] INFO  o.e.m.c.i.embedder.EclipseLogger - Copying 1 resource
2017-09-08 16:42:08,902 [Worker-12] WARN  o.e.m.c.i.embedder.EclipseLogger - Using platform encoding (Cp1252 actually) to copy filtered resources, i.e. build is platform dependent!
2017-09-08 16:42:08,903 [Worker-12] INFO  o.e.m.c.i.embedder.EclipseLogger - skip non existing resourceDirectory E:\GitHub\ArcturusAdminApi1.1\DigitalHealthcare\src\test\resources
2017-09-08 16:42:25,764 [Worker-14] WARN  o.e.m.c.i.embedder.EclipseLogger - Using platform encoding (Cp1252 actually) to copy filtered resources, i.e. build is platform dependent!
2017-09-08 16:42:25,767 [Worker-14] INFO  o.e.m.c.i.embedder.EclipseLogger - Copying 1 resource
2017-09-08 16:42:25,772 [Worker-14] WARN  o.e.m.c.i.embedder.EclipseLogger - Using platform encoding (Cp1252 actually) to copy filtered resources, i.e. build is platform dependent!
2017-09-08 16:42:25,773 [Worker-14] INFO  o.e.m.c.i.embedder.EclipseLogger - skip non existing resourceDirectory E:\GitHub\ArcturusAdminApi1.1\DigitalHealthcare\src\test\resources
2017-09-08 16:43:43,041 [Worker-12] WARN  o.e.m.c.i.embedder.EclipseLogger - Using platform encoding (Cp1252 actually) to copy filtered resources, i.e. build is platform dependent!
2017-09-08 16:43:43,043 [Worker-12] INFO  o.e.m.c.i.embedder.EclipseLogger - Copying 1 resource
2017-09-08 16:43:43,050 [Worker-12] WARN  o.e.m.c.i.embedder.EclipseLogger - Using platform encoding (Cp1252 actually) to copy filtered resources, i.e. build is platform dependent!
2017-09-08 16:43:43,051 [Worker-12] INFO  o.e.m.c.i.embedder.EclipseLogger - skip non existing resourceDirectory E:\GitHub\ArcturusAdminApi1.1\DigitalHealthcare\src\test\resources
2017-09-08 16:45:15,880 [Worker-13] WARN  o.e.m.c.i.embedder.EclipseLogger - Using platform encoding (Cp1252 actually) to copy filtered resources, i.e. build is platform dependent!
2017-09-08 16:45:15,886 [Worker-13] INFO  o.e.m.c.i.embedder.EclipseLogger - Copying 1 resource
2017-09-08 16:45:15,906 [Worker-13] WARN  o.e.m.c.i.embedder.EclipseLogger - Using platform encoding (Cp1252 actually) to copy filtered resources, i.e. build is platform dependent!
2017-09-08 16:45:15,907 [Worker-13] INFO  o.e.m.c.i.embedder.EclipseLogger - skip non existing resourceDirectory E:\GitHub\ArcturusAdminApi1.1\DigitalHealthcare\src\test\resources
2017-09-08 16:45:56,131 [Worker-11] WARN  o.e.m.c.i.embedder.EclipseLogger - Using platform encoding (Cp1252 actually) to copy filtered resources, i.e. build is platform dependent!
2017-09-08 16:45:56,132 [Worker-11] INFO  o.e.m.c.i.embedder.EclipseLogger - Copying 2 resources
2017-09-08 16:45:56,134 [Worker-11] WARN  o.e.m.c.i.embedder.EclipseLogger - Using platform encoding (Cp1252 actually) to copy filtered resources, i.e. build is platform dependent!
2017-09-08 16:45:56,134 [Worker-11] INFO  o.e.m.c.i.embedder.EclipseLogger - skip non existing resourceDirectory E:\GitHub\ArcturusAdminApi1.1\DigitalHealthcare\src\test\resources
2017-09-08 16:54:21,027 [Worker-3] WARN  o.e.m.c.i.embedder.EclipseLogger - Using platform encoding (Cp1252 actually) to copy filtered resources, i.e. build is platform dependent!
2017-09-08 16:54:21,029 [Worker-3] INFO  o.e.m.c.i.embedder.EclipseLogger - Copying 2 resources
2017-09-08 16:54:21,030 [Worker-3] WARN  o.e.m.c.i.embedder.EclipseLogger - Using platform encoding (Cp1252 actually) to copy filtered resources, i.e. build is platform dependent!
2017-09-08 16:54:21,031 [Worker-3] INFO  o.e.m.c.i.embedder.EclipseLogger - skip non existing resourceDirectory E:\GitHub\ArcturusAdminApi1.1\DigitalHealthcare\src\test\resources
2017-09-08 16:54:51,441 [Worker-1] WARN  o.e.m.c.i.embedder.EclipseLogger - Using platform encoding (Cp1252 actually) to copy filtered resources, i.e. build is platform dependent!
2017-09-08 16:54:51,442 [Worker-1] INFO  o.e.m.c.i.embedder.EclipseLogger - Copying 2 resources
2017-09-08 16:54:51,444 [Worker-1] WARN  o.e.m.c.i.embedder.EclipseLogger - Using platform encoding (Cp1252 actually) to copy filtered resources, i.e. build is platform dependent!
2017-09-08 16:54:51,444 [Worker-1] INFO  o.e.m.c.i.embedder.EclipseLogger - skip non existing resourceDirectory E:\GitHub\ArcturusAdminApi1.1\DigitalHealthcare\src\test\resources
2017-09-08 16:55:12,507 [Worker-12] WARN  o.e.m.c.i.embedder.EclipseLogger - Using platform encoding (Cp1252 actually) to copy filtered resources, i.e. build is platform dependent!
2017-09-08 16:55:12,508 [Worker-12] INFO  o.e.m.c.i.embedder.EclipseLogger - Copying 2 resources
2017-09-08 16:55:12,510 [Worker-12] WARN  o.e.m.c.i.embedder.EclipseLogger - Using platform encoding (Cp1252 actually) to copy filtered resources, i.e. build is platform dependent!
2017-09-08 16:55:12,511 [Worker-12] INFO  o.e.m.c.i.embedder.EclipseLogger - skip non existing resourceDirectory E:\GitHub\ArcturusAdminApi1.1\DigitalHealthcare\src\test\resources
2017-09-08 16:56:32,482 [Worker-11] WARN  o.e.m.c.i.embedder.EclipseLogger - Using platform encoding (Cp1252 actually) to copy filtered resources, i.e. build is platform dependent!
2017-09-08 16:56:32,483 [Worker-11] INFO  o.e.m.c.i.embedder.EclipseLogger - Copying 2 resources
2017-09-08 16:56:32,485 [Worker-11] WARN  o.e.m.c.i.embedder.EclipseLogger - Using platform encoding (Cp1252 actually) to copy filtered resources, i.e. build is platform dependent!
2017-09-08 16:56:32,486 [Worker-11] INFO  o.e.m.c.i.embedder.EclipseLogger - skip non existing resourceDirectory E:\GitHub\ArcturusAdminApi1.1\DigitalHealthcare\src\test\resources
2017-09-08 16:57:53,504 [Worker-13] WARN  o.e.m.c.i.embedder.EclipseLogger - Using platform encoding (Cp1252 actually) to copy filtered resources, i.e. build is platform dependent!
2017-09-08 16:57:53,505 [Worker-13] INFO  o.e.m.c.i.embedder.EclipseLogger - Copying 2 resources
2017-09-08 16:57:53,506 [Worker-13] WARN  o.e.m.c.i.embedder.EclipseLogger - Using platform encoding (Cp1252 actually) to copy filtered resources, i.e. build is platform dependent!
2017-09-08 16:57:53,506 [Worker-13] INFO  o.e.m.c.i.embedder.EclipseLogger - skip non existing resourceDirectory E:\GitHub\ArcturusAdminApi1.1\DigitalHealthcare\src\test\resources
2017-09-08 16:58:01,493 [Worker-16] WARN  o.e.m.c.i.embedder.EclipseLogger - Using platform encoding (Cp1252 actually) to copy filtered resources, i.e. build is platform dependent!
2017-09-08 16:58:01,494 [Worker-16] INFO  o.e.m.c.i.embedder.EclipseLogger - Copying 2 resources
2017-09-08 16:58:01,495 [Worker-16] WARN  o.e.m.c.i.embedder.EclipseLogger - Using platform encoding (Cp1252 actually) to copy filtered resources, i.e. build is platform dependent!
2017-09-08 16:58:01,496 [Worker-16] INFO  o.e.m.c.i.embedder.EclipseLogger - skip non existing resourceDirectory E:\GitHub\ArcturusAdminApi1.1\DigitalHealthcare\src\test\resources
2017-09-08 16:59:10,982 [Worker-14] WARN  o.e.m.c.i.embedder.EclipseLogger - Using platform encoding (Cp1252 actually) to copy filtered resources, i.e. build is platform dependent!
2017-09-08 16:59:10,982 [Worker-14] INFO  o.e.m.c.i.embedder.EclipseLogger - Copying 2 resources
2017-09-08 16:59:10,984 [Worker-14] WARN  o.e.m.c.i.embedder.EclipseLogger - Using platform encoding (Cp1252 actually) to copy filtered resources, i.e. build is platform dependent!
2017-09-08 16:59:10,984 [Worker-14] INFO  o.e.m.c.i.embedder.EclipseLogger - skip non existing resourceDirectory E:\GitHub\ArcturusAdminApi1.1\DigitalHealthcare\src\test\resources
2017-09-08 17:00:14,254 [Worker-1] WARN  o.e.m.c.i.embedder.EclipseLogger - Using platform encoding (Cp1252 actually) to copy filtered resources, i.e. build is platform dependent!
2017-09-08 17:00:14,255 [Worker-1] INFO  o.e.m.c.i.embedder.EclipseLogger - Copying 2 resources
2017-09-08 17:00:14,257 [Worker-1] WARN  o.e.m.c.i.embedder.EclipseLogger - Using platform encoding (Cp1252 actually) to copy filtered resources, i.e. build is platform dependent!
2017-09-08 17:00:14,258 [Worker-1] INFO  o.e.m.c.i.embedder.EclipseLogger - skip non existing resourceDirectory E:\GitHub\ArcturusAdminApi1.1\DigitalHealthcare\src\test\resources
2017-09-08 17:12:29,796 [Worker-9] WARN  o.e.m.c.i.embedder.EclipseLogger - Using platform encoding (Cp1252 actually) to copy filtered resources, i.e. build is platform dependent!
2017-09-08 17:12:29,807 [Worker-9] INFO  o.e.m.c.i.embedder.EclipseLogger - Copying 2 resources
2017-09-08 17:12:29,816 [Worker-9] WARN  o.e.m.c.i.embedder.EclipseLogger - Using platform encoding (Cp1252 actually) to copy filtered resources, i.e. build is platform dependent!
2017-09-08 17:12:29,816 [Worker-9] INFO  o.e.m.c.i.embedder.EclipseLogger - skip non existing resourceDirectory E:\GitHub\ArcturusAdminApi1.1\DigitalHealthcare\src\test\resources
2017-09-08 17:14:26,281 [Worker-0] WARN  o.e.m.c.i.embedder.EclipseLogger - Using platform encoding (Cp1252 actually) to copy filtered resources, i.e. build is platform dependent!
2017-09-08 17:14:26,288 [Worker-0] INFO  o.e.m.c.i.embedder.EclipseLogger - Copying 2 resources
2017-09-08 17:14:26,289 [Worker-0] WARN  o.e.m.c.i.embedder.EclipseLogger - Using platform encoding (Cp1252 actually) to copy filtered resources, i.e. build is platform dependent!
2017-09-08 17:14:26,290 [Worker-0] INFO  o.e.m.c.i.embedder.EclipseLogger - skip non existing resourceDirectory E:\GitHub\ArcturusAdminApi1.1\DigitalHealthcare\src\test\resources
2017-09-08 17:18:31,335 [Worker-4] WARN  o.e.m.c.i.embedder.EclipseLogger - Using platform encoding (Cp1252 actually) to copy filtered resources, i.e. build is platform dependent!
2017-09-08 17:18:31,336 [Worker-4] INFO  o.e.m.c.i.embedder.EclipseLogger - Copying 2 resources
2017-09-08 17:18:31,338 [Worker-4] WARN  o.e.m.c.i.embedder.EclipseLogger - Using platform encoding (Cp1252 actually) to copy filtered resources, i.e. build is platform dependent!
2017-09-08 17:18:31,339 [Worker-4] INFO  o.e.m.c.i.embedder.EclipseLogger - skip non existing resourceDirectory E:\GitHub\ArcturusAdminApi1.1\DigitalHealthcare\src\test\resources
2017-09-08 18:54:40,893 [Worker-5] WARN  o.e.m.c.i.embedder.EclipseLogger - Using platform encoding (Cp1252 actually) to copy filtered resources, i.e. build is platform dependent!
2017-09-08 18:54:40,895 [Worker-5] INFO  o.e.m.c.i.embedder.EclipseLogger - Copying 2 resources
2017-09-08 18:54:40,896 [Worker-5] WARN  o.e.m.c.i.embedder.EclipseLogger - Using platform encoding (Cp1252 actually) to copy filtered resources, i.e. build is platform dependent!
2017-09-08 18:54:40,897 [Worker-5] INFO  o.e.m.c.i.embedder.EclipseLogger - skip non existing resourceDirectory E:\GitHub\ArcturusAdminApi1.1\DigitalHealthcare\src\test\resources
2017-09-08 18:55:23,177 [Worker-12] WARN  o.e.m.c.i.embedder.EclipseLogger - Using platform encoding (Cp1252 actually) to copy filtered resources, i.e. build is platform dependent!
2017-09-08 18:55:23,179 [Worker-12] INFO  o.e.m.c.i.embedder.EclipseLogger - Copying 2 resources
2017-09-08 18:55:23,180 [Worker-12] WARN  o.e.m.c.i.embedder.EclipseLogger - Using platform encoding (Cp1252 actually) to copy filtered resources, i.e. build is platform dependent!
2017-09-08 18:55:23,181 [Worker-12] INFO  o.e.m.c.i.embedder.EclipseLogger - skip non existing resourceDirectory E:\GitHub\ArcturusAdminApi1.1\DigitalHealthcare\src\test\resources
2017-09-16 16:50:24,817 [Worker-8] WARN  o.e.m.c.i.embedder.EclipseLogger - Using platform encoding (Cp1252 actually) to copy filtered resources, i.e. build is platform dependent!
2017-09-16 16:50:24,863 [Worker-8] INFO  o.e.m.c.i.embedder.EclipseLogger - Copying 2 resources
2017-09-16 16:50:24,872 [Worker-8] WARN  o.e.m.c.i.embedder.EclipseLogger - Using platform encoding (Cp1252 actually) to copy filtered resources, i.e. build is platform dependent!
2017-09-16 16:50:24,873 [Worker-8] INFO  o.e.m.c.i.embedder.EclipseLogger - skip non existing resourceDirectory E:\GitHub\ArcturusAdminApi1.1\DigitalHealthcare\src\test\resources
2017-09-16 16:51:08,993 [Worker-0] WARN  o.e.m.c.i.embedder.EclipseLogger - Using platform encoding (Cp1252 actually) to copy filtered resources, i.e. build is platform dependent!
2017-09-16 16:51:08,998 [Worker-0] INFO  o.e.m.c.i.embedder.EclipseLogger - Copying 1 resource
2017-09-16 16:51:09,103 [Worker-0] WARN  o.e.m.c.i.embedder.EclipseLogger - Using platform encoding (Cp1252 actually) to copy filtered resources, i.e. build is platform dependent!
2017-09-16 16:51:09,104 [Worker-0] INFO  o.e.m.c.i.embedder.EclipseLogger - skip non existing resourceDirectory E:\GitHub\ArcturusAdminApi1.1\DigitalHealthcare\src\test\resources
2017-09-16 16:51:32,697 [Worker-0] WARN  o.e.m.c.i.embedder.EclipseLogger - Using platform encoding (Cp1252 actually) to copy filtered resources, i.e. build is platform dependent!
2017-09-16 16:51:32,698 [Worker-0] INFO  o.e.m.c.i.embedder.EclipseLogger - Copying 0 resource
2017-09-16 16:51:32,700 [Worker-0] WARN  o.e.m.c.i.embedder.EclipseLogger - Using platform encoding (Cp1252 actually) to copy filtered resources, i.e. build is platform dependent!
2017-09-16 16:51:32,701 [Worker-0] INFO  o.e.m.c.i.embedder.EclipseLogger - skip non existing resourceDirectory E:\GitHub\ArcturusAdminApi1.1\DigitalHealthcare\src\test\resources
2017-09-18 21:06:57,343 [Worker-5] WARN  o.e.m.c.i.embedder.EclipseLogger - Using platform encoding (Cp1252 actually) to copy filtered resources, i.e. build is platform dependent!
2017-09-18 21:06:57,366 [Worker-5] INFO  o.e.m.c.i.embedder.EclipseLogger - Copying 2 resources
2017-09-18 21:06:57,374 [Worker-5] WARN  o.e.m.c.i.embedder.EclipseLogger - Using platform encoding (Cp1252 actually) to copy filtered resources, i.e. build is platform dependent!
2017-09-18 21:06:57,375 [Worker-5] INFO  o.e.m.c.i.embedder.EclipseLogger - skip non existing resourceDirectory E:\GitHub\ArcturusAdminApi1.1\DigitalHealthcare\src\test\resources
2017-09-21 11:28:10,881 [Worker-0] WARN  o.e.m.c.i.embedder.EclipseLogger - Using platform encoding (Cp1252 actually) to copy filtered resources, i.e. build is platform dependent!
2017-09-21 11:28:10,921 [Worker-0] INFO  o.e.m.c.i.embedder.EclipseLogger - Copying 2 resources
2017-09-21 11:28:10,931 [Worker-0] WARN  o.e.m.c.i.embedder.EclipseLogger - Using platform encoding (Cp1252 actually) to copy filtered resources, i.e. build is platform dependent!
2017-09-21 11:28:10,931 [Worker-0] INFO  o.e.m.c.i.embedder.EclipseLogger - skip non existing resourceDirectory E:\GitHub\ArcturusAdminApi1.1\DigitalHealthcare\src\test\resources
2017-09-21 11:28:27,078 [Worker-2] WARN  o.e.m.c.i.embedder.EclipseLogger - Using platform encoding (Cp1252 actually) to copy filtered resources, i.e. build is platform dependent!
2017-09-21 11:28:27,087 [Worker-2] INFO  o.e.m.c.i.embedder.EclipseLogger - Copying 2 resources
2017-09-21 11:28:27,089 [Worker-2] WARN  o.e.m.c.i.embedder.EclipseLogger - Using platform encoding (Cp1252 actually) to copy filtered resources, i.e. build is platform dependent!
2017-09-21 11:28:27,090 [Worker-2] INFO  o.e.m.c.i.embedder.EclipseLogger - skip non existing resourceDirectory E:\GitHub\ArcturusAdminApi1.1\DigitalHealthcare\src\test\resources
2017-09-21 11:28:29,190 [Worker-7] WARN  o.e.m.c.i.embedder.EclipseLogger - Using platform encoding (Cp1252 actually) to copy filtered resources, i.e. build is platform dependent!
2017-09-21 11:28:29,191 [Worker-7] INFO  o.e.m.c.i.embedder.EclipseLogger - Copying 2 resources
2017-09-21 11:28:29,193 [Worker-7] WARN  o.e.m.c.i.embedder.EclipseLogger - Using platform encoding (Cp1252 actually) to copy filtered resources, i.e. build is platform dependent!
2017-09-21 11:28:29,194 [Worker-7] INFO  o.e.m.c.i.embedder.EclipseLogger - skip non existing resourceDirectory E:\GitHub\ArcturusAdminApi1.1\DigitalHealthcare\src\test\resources
2017-09-21 17:41:43,297 [Worker-0] WARN  o.e.m.c.i.embedder.EclipseLogger - Using platform encoding (Cp1252 actually) to copy filtered resources, i.e. build is platform dependent!
2017-09-21 17:41:43,334 [Worker-0] INFO  o.e.m.c.i.embedder.EclipseLogger - Copying 2 resources
2017-09-21 17:41:43,344 [Worker-0] WARN  o.e.m.c.i.embedder.EclipseLogger - Using platform encoding (Cp1252 actually) to copy filtered resources, i.e. build is platform dependent!
2017-09-21 17:41:43,345 [Worker-0] INFO  o.e.m.c.i.embedder.EclipseLogger - skip non existing resourceDirectory E:\GitHub\ArcturusAdminApi1.1\DigitalHealthcare\src\test\resources
2017-09-22 16:51:10,829 [Worker-3] WARN  o.e.m.c.i.embedder.EclipseLogger - Using platform encoding (Cp1252 actually) to copy filtered resources, i.e. build is platform dependent!
2017-09-22 16:51:11,168 [Worker-3] INFO  o.e.m.c.i.embedder.EclipseLogger - Copying 2 resources
2017-09-22 16:51:11,207 [Worker-3] WARN  o.e.m.c.i.embedder.EclipseLogger - Using platform encoding (Cp1252 actually) to copy filtered resources, i.e. build is platform dependent!
2017-09-22 16:51:11,208 [Worker-3] INFO  o.e.m.c.i.embedder.EclipseLogger - skip non existing resourceDirectory E:\GitHub\ArcturusAdminApi1.1\DigitalHealthcare\src\test\resources
2017-09-22 16:51:55,315 [Worker-2] WARN  o.e.m.c.i.embedder.EclipseLogger - Using platform encoding (Cp1252 actually) to copy filtered resources, i.e. build is platform dependent!
2017-09-22 16:51:55,338 [Worker-2] INFO  o.e.m.c.i.embedder.EclipseLogger - Copying 2 resources
2017-09-22 16:51:55,339 [Worker-2] WARN  o.e.m.c.i.embedder.EclipseLogger - Using platform encoding (Cp1252 actually) to copy filtered resources, i.e. build is platform dependent!
2017-09-22 16:51:55,340 [Worker-2] INFO  o.e.m.c.i.embedder.EclipseLogger - skip non existing resourceDirectory E:\GitHub\ArcturusAdminApi1.1\DigitalHealthcare\src\test\resources
2017-09-22 16:51:58,772 [Worker-1] WARN  o.e.m.c.i.embedder.EclipseLogger - Using platform encoding (Cp1252 actually) to copy filtered resources, i.e. build is platform dependent!
2017-09-22 16:51:58,773 [Worker-1] INFO  o.e.m.c.i.embedder.EclipseLogger - Copying 2 resources
2017-09-22 16:51:58,775 [Worker-1] WARN  o.e.m.c.i.embedder.EclipseLogger - Using platform encoding (Cp1252 actually) to copy filtered resources, i.e. build is platform dependent!
2017-09-22 16:51:58,776 [Worker-1] INFO  o.e.m.c.i.embedder.EclipseLogger - skip non existing resourceDirectory E:\GitHub\ArcturusAdminApi1.1\DigitalHealthcare\src\test\resources
2017-09-22 16:52:21,773 [Worker-2] WARN  o.e.m.c.i.embedder.EclipseLogger - Using platform encoding (Cp1252 actually) to copy filtered resources, i.e. build is platform dependent!
2017-09-22 16:52:21,774 [Worker-2] INFO  o.e.m.c.i.embedder.EclipseLogger - Copying 2 resources
2017-09-22 16:52:21,776 [Worker-2] WARN  o.e.m.c.i.embedder.EclipseLogger - Using platform encoding (Cp1252 actually) to copy filtered resources, i.e. build is platform dependent!
2017-09-22 16:52:21,777 [Worker-2] INFO  o.e.m.c.i.embedder.EclipseLogger - skip non existing resourceDirectory E:\GitHub\ArcturusAdminApi1.1\DigitalHealthcare\src\test\resources
2017-09-22 16:54:49,291 [Worker-6] WARN  o.e.m.c.i.embedder.EclipseLogger - Using platform encoding (Cp1252 actually) to copy filtered resources, i.e. build is platform dependent!
2017-09-22 16:54:49,293 [Worker-6] INFO  o.e.m.c.i.embedder.EclipseLogger - Copying 2 resources
2017-09-22 16:54:49,294 [Worker-6] WARN  o.e.m.c.i.embedder.EclipseLogger - Using platform encoding (Cp1252 actually) to copy filtered resources, i.e. build is platform dependent!
2017-09-22 16:54:49,295 [Worker-6] INFO  o.e.m.c.i.embedder.EclipseLogger - skip non existing resourceDirectory E:\GitHub\ArcturusAdminApi1.1\DigitalHealthcare\src\test\resources
2017-09-27 18:50:12,784 [Worker-1] WARN  o.e.m.c.i.embedder.EclipseLogger - Using platform encoding (Cp1252 actually) to copy filtered resources, i.e. build is platform dependent!
2017-09-27 18:50:12,816 [Worker-1] INFO  o.e.m.c.i.embedder.EclipseLogger - Copying 2 resources
2017-09-27 18:50:12,826 [Worker-1] WARN  o.e.m.c.i.embedder.EclipseLogger - Using platform encoding (Cp1252 actually) to copy filtered resources, i.e. build is platform dependent!
2017-09-27 18:50:12,827 [Worker-1] INFO  o.e.m.c.i.embedder.EclipseLogger - skip non existing resourceDirectory E:\GitHub\ArcturusAdminApi1.1\DigitalHealthcare\src\test\resources
2017-09-27 18:54:15,896 [Worker-9] WARN  o.e.m.c.i.embedder.EclipseLogger - Using platform encoding (Cp1252 actually) to copy filtered resources, i.e. build is platform dependent!
2017-09-27 18:54:15,904 [Worker-9] INFO  o.e.m.c.i.embedder.EclipseLogger - Copying 2 resources
2017-09-27 18:54:15,906 [Worker-9] WARN  o.e.m.c.i.embedder.EclipseLogger - Using platform encoding (Cp1252 actually) to copy filtered resources, i.e. build is platform dependent!
2017-09-27 18:54:15,907 [Worker-9] INFO  o.e.m.c.i.embedder.EclipseLogger - skip non existing resourceDirectory E:\GitHub\ArcturusAdminApi1.1\DigitalHealthcare\src\test\resources
2017-09-27 18:58:10,803 [Worker-7] WARN  o.e.m.c.i.embedder.EclipseLogger - Using platform encoding (Cp1252 actually) to copy filtered resources, i.e. build is platform dependent!
2017-09-27 18:58:10,804 [Worker-7] INFO  o.e.m.c.i.embedder.EclipseLogger - Copying 2 resources
2017-09-27 18:58:10,805 [Worker-7] WARN  o.e.m.c.i.embedder.EclipseLogger - Using platform encoding (Cp1252 actually) to copy filtered resources, i.e. build is platform dependent!
2017-09-27 18:58:10,806 [Worker-7] INFO  o.e.m.c.i.embedder.EclipseLogger - skip non existing resourceDirectory E:\GitHub\ArcturusAdminApi1.1\DigitalHealthcare\src\test\resources
2017-09-27 18:58:39,872 [Worker-7] WARN  o.e.m.c.i.embedder.EclipseLogger - Using platform encoding (Cp1252 actually) to copy filtered resources, i.e. build is platform dependent!
2017-09-27 18:58:39,874 [Worker-7] INFO  o.e.m.c.i.embedder.EclipseLogger - Copying 2 resources
2017-09-27 18:58:39,876 [Worker-7] WARN  o.e.m.c.i.embedder.EclipseLogger - Using platform encoding (Cp1252 actually) to copy filtered resources, i.e. build is platform dependent!
2017-09-27 18:58:39,877 [Worker-7] INFO  o.e.m.c.i.embedder.EclipseLogger - skip non existing resourceDirectory E:\GitHub\ArcturusAdminApi1.1\DigitalHealthcare\src\test\resources
2017-09-27 18:59:08,482 [Worker-8] WARN  o.e.m.c.i.embedder.EclipseLogger - Using platform encoding (Cp1252 actually) to copy filtered resources, i.e. build is platform dependent!
2017-09-27 18:59:08,488 [Worker-8] INFO  o.e.m.c.i.embedder.EclipseLogger - Copying 2 resources
2017-09-27 18:59:08,490 [Worker-8] WARN  o.e.m.c.i.embedder.EclipseLogger - Using platform encoding (Cp1252 actually) to copy filtered resources, i.e. build is platform dependent!
2017-09-27 18:59:08,491 [Worker-8] INFO  o.e.m.c.i.embedder.EclipseLogger - skip non existing resourceDirectory E:\GitHub\ArcturusAdminApi1.1\DigitalHealthcare\src\test\resources
2017-09-27 18:59:37,941 [Worker-2] WARN  o.e.m.c.i.embedder.EclipseLogger - Using platform encoding (Cp1252 actually) to copy filtered resources, i.e. build is platform dependent!
2017-09-27 18:59:37,942 [Worker-2] INFO  o.e.m.c.i.embedder.EclipseLogger - Copying 2 resources
2017-09-27 18:59:37,943 [Worker-2] WARN  o.e.m.c.i.embedder.EclipseLogger - Using platform encoding (Cp1252 actually) to copy filtered resources, i.e. build is platform dependent!
2017-09-27 18:59:37,944 [Worker-2] INFO  o.e.m.c.i.embedder.EclipseLogger - skip non existing resourceDirectory E:\GitHub\ArcturusAdminApi1.1\DigitalHealthcare\src\test\resources
2017-09-27 18:59:51,270 [Worker-8] WARN  o.e.m.c.i.embedder.EclipseLogger - Using platform encoding (Cp1252 actually) to copy filtered resources, i.e. build is platform dependent!
2017-09-27 18:59:51,271 [Worker-8] INFO  o.e.m.c.i.embedder.EclipseLogger - Copying 2 resources
2017-09-27 18:59:51,273 [Worker-8] WARN  o.e.m.c.i.embedder.EclipseLogger - Using platform encoding (Cp1252 actually) to copy filtered resources, i.e. build is platform dependent!
2017-09-27 18:59:51,273 [Worker-8] INFO  o.e.m.c.i.embedder.EclipseLogger - skip non existing resourceDirectory E:\GitHub\ArcturusAdminApi1.1\DigitalHealthcare\src\test\resources
2017-09-27 19:00:06,827 [Worker-9] WARN  o.e.m.c.i.embedder.EclipseLogger - Using platform encoding (Cp1252 actually) to copy filtered resources, i.e. build is platform dependent!
2017-09-27 19:00:06,828 [Worker-9] INFO  o.e.m.c.i.embedder.EclipseLogger - Copying 2 resources
2017-09-27 19:00:06,831 [Worker-9] WARN  o.e.m.c.i.embedder.EclipseLogger - Using platform encoding (Cp1252 actually) to copy filtered resources, i.e. build is platform dependent!
2017-09-27 19:00:06,832 [Worker-9] INFO  o.e.m.c.i.embedder.EclipseLogger - skip non existing resourceDirectory E:\GitHub\ArcturusAdminApi1.1\DigitalHealthcare\src\test\resources
2017-09-27 19:00:33,734 [Worker-4] WARN  o.e.m.c.i.embedder.EclipseLogger - Using platform encoding (Cp1252 actually) to copy filtered resources, i.e. build is platform dependent!
2017-09-27 19:00:33,736 [Worker-4] INFO  o.e.m.c.i.embedder.EclipseLogger - Copying 2 resources
2017-09-27 19:00:33,737 [Worker-4] WARN  o.e.m.c.i.embedder.EclipseLogger - Using platform encoding (Cp1252 actually) to copy filtered resources, i.e. build is platform dependent!
2017-09-27 19:00:33,738 [Worker-4] INFO  o.e.m.c.i.embedder.EclipseLogger - skip non existing resourceDirectory E:\GitHub\ArcturusAdminApi1.1\DigitalHealthcare\src\test\resources
2017-09-27 19:02:37,644 [Worker-5] WARN  o.e.m.c.i.embedder.EclipseLogger - Using platform encoding (Cp1252 actually) to copy filtered resources, i.e. build is platform dependent!
2017-09-27 19:02:37,645 [Worker-5] INFO  o.e.m.c.i.embedder.EclipseLogger - Copying 2 resources
2017-09-27 19:02:37,646 [Worker-5] WARN  o.e.m.c.i.embedder.EclipseLogger - Using platform encoding (Cp1252 actually) to copy filtered resources, i.e. build is platform dependent!
2017-09-27 19:02:37,647 [Worker-5] INFO  o.e.m.c.i.embedder.EclipseLogger - skip non existing resourceDirectory E:\GitHub\ArcturusAdminApi1.1\DigitalHealthcare\src\test\resources
2017-09-27 19:03:19,433 [Worker-4] WARN  o.e.m.c.i.embedder.EclipseLogger - Using platform encoding (Cp1252 actually) to copy filtered resources, i.e. build is platform dependent!
2017-09-27 19:03:19,434 [Worker-4] INFO  o.e.m.c.i.embedder.EclipseLogger - Copying 2 resources
2017-09-27 19:03:19,436 [Worker-4] WARN  o.e.m.c.i.embedder.EclipseLogger - Using platform encoding (Cp1252 actually) to copy filtered resources, i.e. build is platform dependent!
2017-09-27 19:03:19,436 [Worker-4] INFO  o.e.m.c.i.embedder.EclipseLogger - skip non existing resourceDirectory E:\GitHub\ArcturusAdminApi1.1\DigitalHealthcare\src\test\resources
2017-09-27 19:07:05,989 [Worker-1] WARN  o.e.m.c.i.embedder.EclipseLogger - Using platform encoding (Cp1252 actually) to copy filtered resources, i.e. build is platform dependent!
2017-09-27 19:07:05,991 [Worker-1] INFO  o.e.m.c.i.embedder.EclipseLogger - Copying 2 resources
2017-09-27 19:07:05,993 [Worker-1] WARN  o.e.m.c.i.embedder.EclipseLogger - Using platform encoding (Cp1252 actually) to copy filtered resources, i.e. build is platform dependent!
2017-09-27 19:07:05,994 [Worker-1] INFO  o.e.m.c.i.embedder.EclipseLogger - skip non existing resourceDirectory E:\GitHub\ArcturusAdminApi1.1\DigitalHealthcare\src\test\resources
2017-09-27 19:07:17,120 [Worker-0] WARN  o.e.m.c.i.embedder.EclipseLogger - Using platform encoding (Cp1252 actually) to copy filtered resources, i.e. build is platform dependent!
2017-09-27 19:07:17,121 [Worker-0] INFO  o.e.m.c.i.embedder.EclipseLogger - Copying 2 resources
2017-09-27 19:07:17,125 [Worker-0] WARN  o.e.m.c.i.embedder.EclipseLogger - Using platform encoding (Cp1252 actually) to copy filtered resources, i.e. build is platform dependent!
2017-09-27 19:07:17,126 [Worker-0] INFO  o.e.m.c.i.embedder.EclipseLogger - skip non existing resourceDirectory E:\GitHub\ArcturusAdminApi1.1\DigitalHealthcare\src\test\resources
2017-09-27 19:09:59,325 [Worker-8] WARN  o.e.m.c.i.embedder.EclipseLogger - Using platform encoding (Cp1252 actually) to copy filtered resources, i.e. build is platform dependent!
2017-09-27 19:09:59,326 [Worker-8] INFO  o.e.m.c.i.embedder.EclipseLogger - Copying 2 resources
2017-09-27 19:09:59,328 [Worker-8] WARN  o.e.m.c.i.embedder.EclipseLogger - Using platform encoding (Cp1252 actually) to copy filtered resources, i.e. build is platform dependent!
2017-09-27 19:09:59,328 [Worker-8] INFO  o.e.m.c.i.embedder.EclipseLogger - skip non existing resourceDirectory E:\GitHub\ArcturusAdminApi1.1\DigitalHealthcare\src\test\resources
2017-10-07 13:24:51,434 [Worker-6] INFO  o.e.m.c.i.l.LifecycleMappingFactory - Using org.maven.ide.eclipse.wtp.WarLifecycleMapping lifecycle mapping for MavenProject: com.digitalhealthcare:DigitalHealthcare:0.0.1-SNAPSHOT @ E:\GitHub\ArcturusAdminApi1.1\DigitalHealthcare\pom.xml.
2017-10-07 13:24:56,163 [Worker-6] WARN  o.e.m.c.i.embedder.EclipseLogger - Using platform encoding (Cp1252 actually) to copy filtered resources, i.e. build is platform dependent!
2017-10-07 13:24:56,226 [Worker-6] INFO  o.e.m.c.i.embedder.EclipseLogger - Copying 2 resources
2017-10-07 13:24:56,241 [Worker-6] WARN  o.e.m.c.i.embedder.EclipseLogger - Using platform encoding (Cp1252 actually) to copy filtered resources, i.e. build is platform dependent!
2017-10-07 13:24:56,241 [Worker-6] INFO  o.e.m.c.i.embedder.EclipseLogger - skip non existing resourceDirectory E:\GitHub\ArcturusAdminApi1.1\DigitalHealthcare\src\test\resources
2017-10-07 13:24:56,257 [Worker-6] INFO  o.e.m.w.i.f.ResourceFilteringBuildParticipant - Changed resources require a complete clean of filtered resources of DigitalHealthcare
2017-10-07 13:24:56,257 [Worker-6] INFO  o.e.m.w.i.f.ResourceFilteringBuildParticipant - Executing resource filtering for DigitalHealthcare
2017-10-07 13:24:56,257 [Worker-6] WARN  o.e.m.c.i.embedder.EclipseLogger - Using platform encoding (Cp1252 actually) to copy filtered resources, i.e. build is platform dependent!
2017-10-07 13:42:55,425 [Worker-6] WARN  o.e.m.c.i.embedder.EclipseLogger - Using platform encoding (Cp1252 actually) to copy filtered resources, i.e. build is platform dependent!
2017-10-07 13:42:55,425 [Worker-6] INFO  o.e.m.c.i.embedder.EclipseLogger - Copying 2 resources
2017-10-07 13:42:55,440 [Worker-6] WARN  o.e.m.c.i.embedder.EclipseLogger - Using platform encoding (Cp1252 actually) to copy filtered resources, i.e. build is platform dependent!
2017-10-07 13:42:55,440 [Worker-6] INFO  o.e.m.c.i.embedder.EclipseLogger - skip non existing resourceDirectory E:\GitHub\ArcturusAdminApi1.1\DigitalHealthcare\src\test\resources
2017-10-07 13:44:32,160 [Worker-2] WARN  o.e.m.c.i.embedder.EclipseLogger - Using platform encoding (Cp1252 actually) to copy filtered resources, i.e. build is platform dependent!
2017-10-07 13:44:32,175 [Worker-2] INFO  o.e.m.c.i.embedder.EclipseLogger - Copying 2 resources
2017-10-07 13:44:32,175 [Worker-2] WARN  o.e.m.c.i.embedder.EclipseLogger - Using platform encoding (Cp1252 actually) to copy filtered resources, i.e. build is platform dependent!
2017-10-07 13:44:32,175 [Worker-2] INFO  o.e.m.c.i.embedder.EclipseLogger - skip non existing resourceDirectory E:\GitHub\ArcturusAdminApi1.1\DigitalHealthcare\src\test\resources
2017-10-07 13:48:38,583 [Worker-17] WARN  o.e.m.c.i.embedder.EclipseLogger - Using platform encoding (Cp1252 actually) to copy filtered resources, i.e. build is platform dependent!
2017-10-07 13:48:38,583 [Worker-17] INFO  o.e.m.c.i.embedder.EclipseLogger - Copying 1 resource
2017-10-07 13:48:38,599 [Worker-17] WARN  o.e.m.c.i.embedder.EclipseLogger - Using platform encoding (Cp1252 actually) to copy filtered resources, i.e. build is platform dependent!
2017-10-07 13:48:38,599 [Worker-17] INFO  o.e.m.c.i.embedder.EclipseLogger - skip non existing resourceDirectory E:\GitHub\ArcturusAdminApi1.1\DigitalHealthcare\src\test\resources
2017-10-07 16:49:00,162 [Worker-6] WARN  o.e.m.c.i.embedder.EclipseLogger - Using platform encoding (Cp1252 actually) to copy filtered resources, i.e. build is platform dependent!
2017-10-07 16:49:00,212 [Worker-6] INFO  o.e.m.c.i.embedder.EclipseLogger - Copying 2 resources
2017-10-07 16:49:00,222 [Worker-6] WARN  o.e.m.c.i.embedder.EclipseLogger - Using platform encoding (Cp1252 actually) to copy filtered resources, i.e. build is platform dependent!
2017-10-07 16:49:00,223 [Worker-6] INFO  o.e.m.c.i.embedder.EclipseLogger - skip non existing resourceDirectory E:\GitHub\ArcturusAdminApi1.1\DigitalHealthcare\src\test\resources
2017-10-07 16:49:22,224 [Worker-9] WARN  o.e.m.c.i.embedder.EclipseLogger - Using platform encoding (Cp1252 actually) to copy filtered resources, i.e. build is platform dependent!
2017-10-07 16:49:22,234 [Worker-9] INFO  o.e.m.c.i.embedder.EclipseLogger - Copying 2 resources
2017-10-07 16:49:22,236 [Worker-9] WARN  o.e.m.c.i.embedder.EclipseLogger - Using platform encoding (Cp1252 actually) to copy filtered resources, i.e. build is platform dependent!
2017-10-07 16:49:22,237 [Worker-9] INFO  o.e.m.c.i.embedder.EclipseLogger - skip non existing resourceDirectory E:\GitHub\ArcturusAdminApi1.1\DigitalHealthcare\src\test\resources
2017-10-07 17:15:05,621 [Worker-1] WARN  o.e.m.c.i.embedder.EclipseLogger - Using platform encoding (Cp1252 actually) to copy filtered resources, i.e. build is platform dependent!
2017-10-07 17:15:06,277 [Worker-1] INFO  o.e.m.c.i.embedder.EclipseLogger - Copying 2 resources
2017-10-07 17:15:06,287 [Worker-1] WARN  o.e.m.c.i.embedder.EclipseLogger - Using platform encoding (Cp1252 actually) to copy filtered resources, i.e. build is platform dependent!
2017-10-07 17:15:06,384 [Worker-1] INFO  o.e.m.c.i.embedder.EclipseLogger - skip non existing resourceDirectory E:\GitHub\ArcturusAdminApi1.1\DigitalHealthcare\src\test\resources
2017-10-17 18:47:47,364 [Worker-8] WARN  o.e.m.c.i.embedder.EclipseLogger - Using platform encoding (Cp1252 actually) to copy filtered resources, i.e. build is platform dependent!
2017-10-17 18:47:47,411 [Worker-8] INFO  o.e.m.c.i.embedder.EclipseLogger - Copying 2 resources
2017-10-17 18:47:47,474 [Worker-8] WARN  o.e.m.c.i.embedder.EclipseLogger - Using platform encoding (Cp1252 actually) to copy filtered resources, i.e. build is platform dependent!
2017-10-17 18:47:47,474 [Worker-8] INFO  o.e.m.c.i.embedder.EclipseLogger - skip non existing resourceDirectory E:\GitHub\ArcturusAdminApi1.1\DigitalHealthcare\src\test\resources
2017-10-18 13:03:06,515 [Worker-8] WARN  o.e.m.c.i.embedder.EclipseLogger - Using platform encoding (Cp1252 actually) to copy filtered resources, i.e. build is platform dependent!
2017-10-18 13:03:06,603 [Worker-8] INFO  o.e.m.c.i.embedder.EclipseLogger - Copying 2 resources
2017-10-18 13:03:06,614 [Worker-8] WARN  o.e.m.c.i.embedder.EclipseLogger - Using platform encoding (Cp1252 actually) to copy filtered resources, i.e. build is platform dependent!
2017-10-18 13:03:06,615 [Worker-8] INFO  o.e.m.c.i.embedder.EclipseLogger - skip non existing resourceDirectory E:\GitHub\ArcturusAdminApi1.1\DigitalHealthcare\src\test\resources
2017-10-20 11:13:20,533 [Worker-13] WARN  o.e.m.c.i.embedder.EclipseLogger - Using platform encoding (Cp1252 actually) to copy filtered resources, i.e. build is platform dependent!
2017-10-20 11:13:20,697 [Worker-13] INFO  o.e.m.c.i.embedder.EclipseLogger - Copying 2 resources
2017-10-20 11:13:20,749 [Worker-13] WARN  o.e.m.c.i.embedder.EclipseLogger - Using platform encoding (Cp1252 actually) to copy filtered resources, i.e. build is platform dependent!
2017-10-20 11:13:20,750 [Worker-13] INFO  o.e.m.c.i.embedder.EclipseLogger - skip non existing resourceDirectory E:\GitHub\ArcturusAdminApi1.1\DigitalHealthcare\src\test\resources
2017-10-20 12:45:44,322 [Worker-4] WARN  o.e.m.c.i.embedder.EclipseLogger - Using platform encoding (Cp1252 actually) to copy filtered resources, i.e. build is platform dependent!
2017-10-20 12:45:44,461 [Worker-4] INFO  o.e.m.c.i.embedder.EclipseLogger - Copying 2 resources
2017-10-20 12:45:44,504 [Worker-4] WARN  o.e.m.c.i.embedder.EclipseLogger - Using platform encoding (Cp1252 actually) to copy filtered resources, i.e. build is platform dependent!
2017-10-20 12:45:44,505 [Worker-4] INFO  o.e.m.c.i.embedder.EclipseLogger - skip non existing resourceDirectory E:\GitHub\ArcturusAdminApi1.1\DigitalHealthcare\src\test\resources
2017-10-20 16:30:15,403 [Worker-9] WARN  o.e.m.c.i.embedder.EclipseLogger - Using platform encoding (Cp1252 actually) to copy filtered resources, i.e. build is platform dependent!
2017-10-20 16:30:15,471 [Worker-9] INFO  o.e.m.c.i.embedder.EclipseLogger - Copying 2 resources
2017-10-20 16:30:15,501 [Worker-9] WARN  o.e.m.c.i.embedder.EclipseLogger - Using platform encoding (Cp1252 actually) to copy filtered resources, i.e. build is platform dependent!
2017-10-20 16:30:15,502 [Worker-9] INFO  o.e.m.c.i.embedder.EclipseLogger - skip non existing resourceDirectory E:\GitHub\ArcturusAdminApi1.1\DigitalHealthcare\src\test\resources
2017-10-20 17:37:28,957 [Worker-25] WARN  o.e.m.c.i.embedder.EclipseLogger - Using platform encoding (Cp1252 actually) to copy filtered resources, i.e. build is platform dependent!
2017-10-20 17:37:28,993 [Worker-25] INFO  o.e.m.c.i.embedder.EclipseLogger - Copying 2 resources
2017-10-20 17:37:28,995 [Worker-25] WARN  o.e.m.c.i.embedder.EclipseLogger - Using platform encoding (Cp1252 actually) to copy filtered resources, i.e. build is platform dependent!
2017-10-20 17:37:28,996 [Worker-25] INFO  o.e.m.c.i.embedder.EclipseLogger - skip non existing resourceDirectory E:\GitHub\ArcturusAdminApi1.1\DigitalHealthcare\src\test\resources
2017-10-21 11:55:09,477 [Worker-4] WARN  o.e.m.c.i.embedder.EclipseLogger - Using platform encoding (Cp1252 actually) to copy filtered resources, i.e. build is platform dependent!
2017-10-21 11:55:10,140 [Worker-4] INFO  o.e.m.c.i.embedder.EclipseLogger - Copying 2 resources
2017-10-21 11:55:10,153 [Worker-4] WARN  o.e.m.c.i.embedder.EclipseLogger - Using platform encoding (Cp1252 actually) to copy filtered resources, i.e. build is platform dependent!
2017-10-21 11:55:10,153 [Worker-4] INFO  o.e.m.c.i.embedder.EclipseLogger - skip non existing resourceDirectory E:\GitHub\ArcturusAdminApi1.1\DigitalHealthcare\src\test\resources
2017-10-21 17:18:07,436 [Worker-3] WARN  o.e.m.c.i.embedder.EclipseLogger - Using platform encoding (Cp1252 actually) to copy filtered resources, i.e. build is platform dependent!
2017-10-21 17:18:07,483 [Worker-3] INFO  o.e.m.c.i.embedder.EclipseLogger - Copying 2 resources
2017-10-21 17:18:07,498 [Worker-3] WARN  o.e.m.c.i.embedder.EclipseLogger - Using platform encoding (Cp1252 actually) to copy filtered resources, i.e. build is platform dependent!
2017-10-21 17:18:07,498 [Worker-3] INFO  o.e.m.c.i.embedder.EclipseLogger - skip non existing resourceDirectory E:\GitHub\ArcturusAdminApi1.1\DigitalHealthcare\src\test\resources
2017-10-21 17:36:45,900 [Worker-6] WARN  o.e.m.c.i.embedder.EclipseLogger - Using platform encoding (Cp1252 actually) to copy filtered resources, i.e. build is platform dependent!
2017-10-21 17:36:45,932 [Worker-6] INFO  o.e.m.c.i.embedder.EclipseLogger - Copying 2 resources
2017-10-21 17:36:45,954 [Worker-6] WARN  o.e.m.c.i.embedder.EclipseLogger - Using platform encoding (Cp1252 actually) to copy filtered resources, i.e. build is platform dependent!
2017-10-21 17:36:45,955 [Worker-6] INFO  o.e.m.c.i.embedder.EclipseLogger - skip non existing resourceDirectory E:\GitHub\ArcturusAdminApi1.1\DigitalHealthcare\src\test\resources
2017-10-23 22:20:43,334 [Worker-7] WARN  o.e.m.c.i.embedder.EclipseLogger - Using platform encoding (Cp1252 actually) to copy filtered resources, i.e. build is platform dependent!
2017-10-23 22:20:43,394 [Worker-7] INFO  o.e.m.c.i.embedder.EclipseLogger - Copying 2 resources
2017-10-23 22:20:43,433 [Worker-7] WARN  o.e.m.c.i.embedder.EclipseLogger - Using platform encoding (Cp1252 actually) to copy filtered resources, i.e. build is platform dependent!
2017-10-23 22:20:43,435 [Worker-7] INFO  o.e.m.c.i.embedder.EclipseLogger - skip non existing resourceDirectory E:\GitHub\ArcturusAdminApi1.1\DigitalHealthcare\src\test\resources
2017-10-26 12:15:20,407 [Worker-0] WARN  o.e.m.c.i.embedder.EclipseLogger - Using platform encoding (Cp1252 actually) to copy filtered resources, i.e. build is platform dependent!
2017-10-26 12:15:20,594 [Worker-0] INFO  o.e.m.c.i.embedder.EclipseLogger - Copying 2 resources
2017-10-26 12:15:20,625 [Worker-0] WARN  o.e.m.c.i.embedder.EclipseLogger - Using platform encoding (Cp1252 actually) to copy filtered resources, i.e. build is platform dependent!
2017-10-26 12:15:20,625 [Worker-0] INFO  o.e.m.c.i.embedder.EclipseLogger - skip non existing resourceDirectory E:\GitHub\ArcturusAdminApi1.1\DigitalHealthcare\src\test\resources
2017-10-26 18:32:44,137 [Worker-2] WARN  o.e.m.c.i.embedder.EclipseLogger - Using platform encoding (Cp1252 actually) to copy filtered resources, i.e. build is platform dependent!
2017-10-26 18:32:44,221 [Worker-2] INFO  o.e.m.c.i.embedder.EclipseLogger - Copying 2 resources
2017-10-26 18:32:44,239 [Worker-2] WARN  o.e.m.c.i.embedder.EclipseLogger - Using platform encoding (Cp1252 actually) to copy filtered resources, i.e. build is platform dependent!
2017-10-26 18:32:44,240 [Worker-2] INFO  o.e.m.c.i.embedder.EclipseLogger - skip non existing resourceDirectory E:\GitHub\ArcturusAdminApi1.1\DigitalHealthcare\src\test\resources
2017-10-26 19:22:13,945 [Worker-4] WARN  o.e.m.c.i.embedder.EclipseLogger - Using platform encoding (Cp1252 actually) to copy filtered resources, i.e. build is platform dependent!
2017-10-26 19:22:13,961 [Worker-4] INFO  o.e.m.c.i.embedder.EclipseLogger - Copying 2 resources
2017-10-26 19:22:13,977 [Worker-4] WARN  o.e.m.c.i.embedder.EclipseLogger - Using platform encoding (Cp1252 actually) to copy filtered resources, i.e. build is platform dependent!
2017-10-26 19:22:13,977 [Worker-4] INFO  o.e.m.c.i.embedder.EclipseLogger - skip non existing resourceDirectory E:\GitHub\ArcturusAdminApi1.1\DigitalHealthcare\src\test\resources
2017-10-27 10:31:40,986 [Worker-2] WARN  o.e.m.c.i.embedder.EclipseLogger - Using platform encoding (Cp1252 actually) to copy filtered resources, i.e. build is platform dependent!
2017-10-27 10:31:41,064 [Worker-2] INFO  o.e.m.c.i.embedder.EclipseLogger - Copying 2 resources
2017-10-27 10:31:41,080 [Worker-2] WARN  o.e.m.c.i.embedder.EclipseLogger - Using platform encoding (Cp1252 actually) to copy filtered resources, i.e. build is platform dependent!
2017-10-27 10:31:41,080 [Worker-2] INFO  o.e.m.c.i.embedder.EclipseLogger - skip non existing resourceDirectory E:\GitHub\ArcturusAdminApi1.1\DigitalHealthcare\src\test\resources
2017-10-27 19:01:40,962 [Worker-13] WARN  o.e.m.c.i.embedder.EclipseLogger - Using platform encoding (Cp1252 actually) to copy filtered resources, i.e. build is platform dependent!
2017-10-27 19:01:41,221 [Worker-13] INFO  o.e.m.c.i.embedder.EclipseLogger - Copying 2 resources
2017-10-27 19:01:41,240 [Worker-13] WARN  o.e.m.c.i.embedder.EclipseLogger - Using platform encoding (Cp1252 actually) to copy filtered resources, i.e. build is platform dependent!
2017-10-27 19:01:41,240 [Worker-13] INFO  o.e.m.c.i.embedder.EclipseLogger - skip non existing resourceDirectory E:\GitHub\ArcturusAdminApi1.1\DigitalHealthcare\src\test\resources
2017-10-27 20:32:34,821 [Worker-1] WARN  o.e.m.c.i.embedder.EclipseLogger - Using platform encoding (Cp1252 actually) to copy filtered resources, i.e. build is platform dependent!
2017-10-27 20:32:34,962 [Worker-1] INFO  o.e.m.c.i.embedder.EclipseLogger - Copying 2 resources
2017-10-27 20:32:34,995 [Worker-1] WARN  o.e.m.c.i.embedder.EclipseLogger - Using platform encoding (Cp1252 actually) to copy filtered resources, i.e. build is platform dependent!
2017-10-27 20:32:34,996 [Worker-1] INFO  o.e.m.c.i.embedder.EclipseLogger - skip non existing resourceDirectory E:\GitHub\ArcturusAdminApi1.1\DigitalHealthcare\src\test\resources
2017-11-03 12:51:22,231 [Worker-10] WARN  o.e.m.c.i.embedder.EclipseLogger - Using platform encoding (Cp1252 actually) to copy filtered resources, i.e. build is platform dependent!
2017-11-03 12:51:22,264 [Worker-10] INFO  o.e.m.c.i.embedder.EclipseLogger - Copying 2 resources
2017-11-03 12:51:22,283 [Worker-10] WARN  o.e.m.c.i.embedder.EclipseLogger - Using platform encoding (Cp1252 actually) to copy filtered resources, i.e. build is platform dependent!
2017-11-03 12:51:22,284 [Worker-10] INFO  o.e.m.c.i.embedder.EclipseLogger - skip non existing resourceDirectory E:\GitHub\ArcturusAdminApi1.1\DigitalHealthcare\src\test\resources
2017-11-08 13:07:32,032 [Worker-7] WARN  o.e.m.c.i.embedder.EclipseLogger - Using platform encoding (Cp1252 actually) to copy filtered resources, i.e. build is platform dependent!
2017-11-08 13:07:32,113 [Worker-7] INFO  o.e.m.c.i.embedder.EclipseLogger - Copying 2 resources
2017-11-08 13:07:32,182 [Worker-7] WARN  o.e.m.c.i.embedder.EclipseLogger - Using platform encoding (Cp1252 actually) to copy filtered resources, i.e. build is platform dependent!
2017-11-08 13:07:32,183 [Worker-7] INFO  o.e.m.c.i.embedder.EclipseLogger - skip non existing resourceDirectory E:\GitHub\ArcturusAdminApi1.1\DigitalHealthcare\src\test\resources
2017-11-08 13:25:51,346 [Worker-2] WARN  o.e.m.c.i.embedder.EclipseLogger - Using platform encoding (Cp1252 actually) to copy filtered resources, i.e. build is platform dependent!
2017-11-08 13:25:51,405 [Worker-2] INFO  o.e.m.c.i.embedder.EclipseLogger - Copying 2 resources
2017-11-08 13:25:51,411 [Worker-2] WARN  o.e.m.c.i.embedder.EclipseLogger - Using platform encoding (Cp1252 actually) to copy filtered resources, i.e. build is platform dependent!
2017-11-08 13:25:51,413 [Worker-2] INFO  o.e.m.c.i.embedder.EclipseLogger - skip non existing resourceDirectory E:\GitHub\ArcturusAdminApi1.1\DigitalHealthcare\src\test\resources
2017-11-09 12:52:29,235 [Worker-6] WARN  o.e.m.c.i.embedder.EclipseLogger - Using platform encoding (Cp1252 actually) to copy filtered resources, i.e. build is platform dependent!
2017-11-09 12:52:29,328 [Worker-6] INFO  o.e.m.c.i.embedder.EclipseLogger - Copying 2 resources
2017-11-09 12:52:29,344 [Worker-6] WARN  o.e.m.c.i.embedder.EclipseLogger - Using platform encoding (Cp1252 actually) to copy filtered resources, i.e. build is platform dependent!
2017-11-09 12:52:29,344 [Worker-6] INFO  o.e.m.c.i.embedder.EclipseLogger - skip non existing resourceDirectory E:\GitHub\ArcturusAdminApi1.1\DigitalHealthcare\src\test\resources
2017-11-09 15:02:39,825 [Worker-8] WARN  o.e.m.c.i.embedder.EclipseLogger - Using platform encoding (Cp1252 actually) to copy filtered resources, i.e. build is platform dependent!
2017-11-09 15:02:39,908 [Worker-8] INFO  o.e.m.c.i.embedder.EclipseLogger - Copying 2 resources
2017-11-09 15:02:39,912 [Worker-8] WARN  o.e.m.c.i.embedder.EclipseLogger - Using platform encoding (Cp1252 actually) to copy filtered resources, i.e. build is platform dependent!
2017-11-09 15:02:39,913 [Worker-8] INFO  o.e.m.c.i.embedder.EclipseLogger - skip non existing resourceDirectory E:\GitHub\ArcturusAdminApi1.1\DigitalHealthcare\src\test\resources
2017-11-10 11:11:19,463 [Worker-12] WARN  o.e.m.c.i.embedder.EclipseLogger - Using platform encoding (Cp1252 actually) to copy filtered resources, i.e. build is platform dependent!
2017-11-10 11:11:19,629 [Worker-12] INFO  o.e.m.c.i.embedder.EclipseLogger - Copying 2 resources
2017-11-10 11:11:19,695 [Worker-12] WARN  o.e.m.c.i.embedder.EclipseLogger - Using platform encoding (Cp1252 actually) to copy filtered resources, i.e. build is platform dependent!
2017-11-10 11:11:19,695 [Worker-12] INFO  o.e.m.c.i.embedder.EclipseLogger - skip non existing resourceDirectory E:\GitHub\ArcturusAdminApi1.1\DigitalHealthcare\src\test\resources
2017-11-10 12:01:45,848 [Worker-3] WARN  o.e.m.c.i.embedder.EclipseLogger - Using platform encoding (Cp1252 actually) to copy filtered resources, i.e. build is platform dependent!
2017-11-10 12:01:46,010 [Worker-3] INFO  o.e.m.c.i.embedder.EclipseLogger - Copying 2 resources
2017-11-10 12:01:46,050 [Worker-3] WARN  o.e.m.c.i.embedder.EclipseLogger - Using platform encoding (Cp1252 actually) to copy filtered resources, i.e. build is platform dependent!
2017-11-10 12:01:46,050 [Worker-3] INFO  o.e.m.c.i.embedder.EclipseLogger - skip non existing resourceDirectory E:\GitHub\ArcturusAdminApi1.1\DigitalHealthcare\src\test\resources
2017-11-14 15:03:11,926 [Worker-9] WARN  o.e.m.c.i.embedder.EclipseLogger - Using platform encoding (Cp1252 actually) to copy filtered resources, i.e. build is platform dependent!
2017-11-14 15:03:11,972 [Worker-9] INFO  o.e.m.c.i.embedder.EclipseLogger - Copying 2 resources
2017-11-14 15:03:11,997 [Worker-9] WARN  o.e.m.c.i.embedder.EclipseLogger - Using platform encoding (Cp1252 actually) to copy filtered resources, i.e. build is platform dependent!
2017-11-14 15:03:11,998 [Worker-9] INFO  o.e.m.c.i.embedder.EclipseLogger - skip non existing resourceDirectory E:\GitHub\ArcturusAdminApi1.1\DigitalHealthcare\src\test\resources
2017-11-15 12:20:02,304 [Worker-5] WARN  o.e.m.c.i.embedder.EclipseLogger - Using platform encoding (Cp1252 actually) to copy filtered resources, i.e. build is platform dependent!
2017-11-15 12:20:02,494 [Worker-5] INFO  o.e.m.c.i.embedder.EclipseLogger - Copying 2 resources
2017-11-15 12:20:02,512 [Worker-5] WARN  o.e.m.c.i.embedder.EclipseLogger - Using platform encoding (Cp1252 actually) to copy filtered resources, i.e. build is platform dependent!
2017-11-15 12:20:02,513 [Worker-5] INFO  o.e.m.c.i.embedder.EclipseLogger - skip non existing resourceDirectory E:\GitHub\ArcturusAdminApi1.1\DigitalHealthcare\src\test\resources
2017-11-15 13:18:54,417 [Worker-0] WARN  o.e.m.c.i.embedder.EclipseLogger - Using platform encoding (Cp1252 actually) to copy filtered resources, i.e. build is platform dependent!
2017-11-15 13:18:54,551 [Worker-0] INFO  o.e.m.c.i.embedder.EclipseLogger - Copying 2 resources
2017-11-15 13:18:54,711 [Worker-0] WARN  o.e.m.c.i.embedder.EclipseLogger - Using platform encoding (Cp1252 actually) to copy filtered resources, i.e. build is platform dependent!
2017-11-15 13:18:54,712 [Worker-0] INFO  o.e.m.c.i.embedder.EclipseLogger - skip non existing resourceDirectory E:\GitHub\ArcturusAdminApi1.1\DigitalHealthcare\src\test\resources
2017-11-23 17:22:52,558 [Worker-4] WARN  o.e.m.c.i.embedder.EclipseLogger - Using platform encoding (Cp1252 actually) to copy filtered resources, i.e. build is platform dependent!
2017-11-23 17:22:52,668 [Worker-4] INFO  o.e.m.c.i.embedder.EclipseLogger - Copying 2 resources
2017-11-23 17:22:52,715 [Worker-4] WARN  o.e.m.c.i.embedder.EclipseLogger - Using platform encoding (Cp1252 actually) to copy filtered resources, i.e. build is platform dependent!
2017-11-23 17:22:52,717 [Worker-4] INFO  o.e.m.c.i.embedder.EclipseLogger - skip non existing resourceDirectory E:\GitHub\ArcturusAdminApi1.1\DigitalHealthcare\src\test\resources
